#
# There is insufficient memory for the Java Runtime Environment to continue.
# Native memory allocation (malloc) failed to allocate 32744 bytes for ChunkPool::allocate
# Possible reasons:
#   The system is out of physical RAM or swap space
#   The process is running with CompressedOops enabled, and the Java Heap may be blocking the growth of the native heap
# Possible solutions:
#   Reduce memory load on the system
#   Increase physical memory or swap space
#   Check if swap backing store is full
#   Decrease Java heap size (-Xmx/-Xms)
#   Decrease number of Java threads
#   Decrease Java thread stack sizes (-Xss)
#   Set larger code cache with -XX:ReservedCodeCacheSize=
#   JVM is running with Unscaled Compressed Oops mode in which the Java heap is
#     placed in the first 4GB address space. The Java Heap base address is the
#     maximum limit for the native heap growth. Please use -XX:HeapBaseMinAddress
#     to set the Java Heap base and to place the Java Heap above 4GB virtual address.
# This output file may be truncated or incomplete.
#
#  Out of Memory Error (allocation.cpp:272), pid=12784, tid=0x0000000000000a34
#
# JRE version: Java(TM) SE Runtime Environment (8.0_261-b12) (build 1.8.0_261-b12)
# Java VM: Java HotSpot(TM) 64-Bit Server VM (25.261-b12 mixed mode windows-amd64 compressed oops)
# Failed to write core dump. Minidumps are not enabled by default on client versions of Windows
#

---------------  T H R E A D  ---------------

Current thread (0x00000267f0f8b000):  JavaThread "C2 CompilerThread0" daemon [_thread_in_native, id=2612, stack(0x0000006def000000,0x0000006def100000)]

Stack: [0x0000006def000000,0x0000006def100000]
Native frames: (J=compiled Java code, j=interpreted, Vv=VM code, C=native code)
V  [jvm.dll+0x33e5f9]


Current CompileTask:
C2:   2414   31       4       java.lang.AbstractStringBuilder::append (29 bytes)


---------------  P R O C E S S  ---------------

Java Threads: ( => current thread )
  0x00000267f102d000 JavaThread "Service Thread" daemon [_thread_blocked, id=2012, stack(0x0000006def300000,0x0000006def400000)]
  0x00000267f0fee800 JavaThread "C1 CompilerThread2" daemon [_thread_in_native, id=11348, stack(0x0000006def200000,0x0000006def300000)]
  0x00000267f0f8c000 JavaThread "C2 CompilerThread1" daemon [_thread_blocked, id=13524, stack(0x0000006def100000,0x0000006def200000)]
=>0x00000267f0f8b000 JavaThread "C2 CompilerThread0" daemon [_thread_in_native, id=2612, stack(0x0000006def000000,0x0000006def100000)]
  0x00000267f0f87800 JavaThread "Monitor Ctrl-Break" daemon [_thread_in_native, id=6708, stack(0x0000006deef00000,0x0000006def000000)]
  0x00000267f0030000 JavaThread "Attach Listener" daemon [_thread_in_native, id=11792, stack(0x0000006deee00000,0x0000006deef00000)]
  0x00000267f002b800 JavaThread "Signal Dispatcher" daemon [_thread_blocked, id=12088, stack(0x0000006deed00000,0x0000006deee00000)]
  0x00000267f0001000 JavaThread "Finalizer" daemon [_thread_blocked, id=12540, stack(0x0000006deec00000,0x0000006deed00000)]
  0x00000267efffd800 JavaThread "Reference Handler" daemon [_thread_blocked, id=13316, stack(0x0000006deeb00000,0x0000006deec00000)]
  0x00000267dbf5d800 JavaThread "main" [_thread_in_native, id=9240, stack(0x0000006dee500000,0x0000006dee600000)]

Other Threads:
  0x00000267effd3000 VMThread [stack: 0x0000006deea00000,0x0000006deeb00000] [id=9104]
  0x00000267f1067000 WatcherThread [stack: 0x0000006def400000,0x0000006def500000] [id=3148]

VM state:not at safepoint (normal execution)

VM Mutex/Monitor currently owned by a thread: None

heap address: 0x00000000c1600000, size: 1002 MB, Compressed Oops mode: 32-bit
Narrow klass base: 0x0000000000000000, Narrow klass shift: 3
Compressed class space size: 1073741824 Address: 0x0000000100000000

Heap:
 PSYoungGen      total 18944K, used 3636K [0x00000000eb200000, 0x00000000ec700000, 0x0000000100000000)
  eden space 16384K, 22% used [0x00000000eb200000,0x00000000eb58d0d8,0x00000000ec200000)
  from space 2560K, 0% used [0x00000000ec480000,0x00000000ec480000,0x00000000ec700000)
  to   space 2560K, 0% used [0x00000000ec200000,0x00000000ec200000,0x00000000ec480000)
 ParOldGen       total 44032K, used 0K [0x00000000c1600000, 0x00000000c4100000, 0x00000000eb200000)
  object space 44032K, 0% used [0x00000000c1600000,0x00000000c1600000,0x00000000c4100000)
 Metaspace       used 3282K, capacity 4496K, committed 4864K, reserved 1056768K
  class space    used 361K, capacity 388K, committed 512K, reserved 1048576K

Card table byte_map: [0x00000267ecc10000,0x00000267ece10000] byte_map_base: 0x00000267ec605000

Marking Bits: (ParMarkBitMap*) 0x00000000650b4fb0
 Begin Bits: [0x00000267ecf60000, 0x00000267edf08000)
 End Bits:   [0x00000267edf08000, 0x00000267eeeb0000)

Polling page: 0x00000267dc200000

CodeCache: size=245760Kb used=1136Kb max_used=1146Kb free=244623Kb
 bounds [0x00000267dd850000, 0x00000267ddac0000, 0x00000267ec850000]
 total_blobs=295 nmethods=33 adapters=176
 compilation: enabled

Compilation events (10 events):
Event: 2.165 Thread 0x00000267f0f8c000 nmethod 24 0x00000267dd96b910 code [0x00000267dd96ba60, 0x00000267dd96bc58]
Event: 2.185 Thread 0x00000267f0fee800   27       3       java.util.ArrayList::add (29 bytes)
Event: 2.185 Thread 0x00000267f0fee800 nmethod 27 0x00000267dd96af50 code [0x00000267dd96b100, 0x00000267dd96b690]
Event: 2.185 Thread 0x00000267f0fee800   28       3       java.util.ArrayList::ensureCapacityInternal (13 bytes)
Event: 2.185 Thread 0x00000267f0fee800 nmethod 28 0x00000267dd96a8d0 code [0x00000267dd96aa60, 0x00000267dd96adf0]
Event: 2.343 Thread 0x00000267f0f8b000   29       4       java.lang.Object::<init> (1 bytes)
Event: 2.343 Thread 0x00000267f0f8b000 nmethod 29 0x00000267dd968f90 code [0x00000267dd9690c0, 0x00000267dd969158]
Event: 2.361 Thread 0x00000267f0f8c000   30       4       java.lang.AbstractStringBuilder::ensureCapacityInternal (27 bytes)
Event: 2.361 Thread 0x00000267f0f8b000   31       4       java.lang.AbstractStringBuilder::append (29 bytes)
Event: 2.361 Thread 0x00000267f0fee800   32   !   3       sun.net.www.ParseUtil::decode (316 bytes)

GC Heap History (0 events):
No events

Deoptimization events (0 events):
No events

Classes redefined (0 events):
No events

Internal exceptions (2 events):
Event: 0.588 Thread 0x00000267dbf5d800 Exception <a 'java/lang/NoSuchMethodError': Method sun.misc.Unsafe.defineClass(Ljava/lang/String;[BII)Ljava/lang/Class; name or signature does not match> (0x00000000eb207cc0) thrown at [C:\jenkins\workspace\8-2-build-windows-amd64-cygwin\jdk8u261\295\hots
Event: 0.588 Thread 0x00000267dbf5d800 Exception <a 'java/lang/NoSuchMethodError': Method sun.misc.Unsafe.prefetchRead(Ljava/lang/Object;J)V name or signature does not match> (0x00000000eb207fa8) thrown at [C:\jenkins\workspace\8-2-build-windows-amd64-cygwin\jdk8u261\295\hotspot\src\share\vm\p

Events (10 events):
Event: 2.256 loading class sun/nio/cs/US_ASCII$Decoder done
Event: 2.272 loading class sun/misc/URLClassPath$FileLoader$1
Event: 2.281 loading class sun/misc/VMSupport done
Event: 2.281 loading class java/io/ByteArrayOutputStream
Event: 2.314 loading class sun/misc/URLClassPath$FileLoader$1 done
Event: 2.314 loading class java/io/ByteArrayOutputStream done
Event: 2.314 loading class java/util/Hashtable$KeySet
Event: 2.342 loading class java/util/Hashtable$KeySet done
Event: 2.343 loading class sun/nio/cs/ISO_8859_1$Encoder
Event: 2.362 loading class sun/launcher/LauncherHelper$FXHelper


Dynamic libraries:
0x00007ff7519f0000 - 0x00007ff751a37000 	C:\Program Files\Java\jdk1.8.0_261\bin\java.exe
0x00007ffac80a0000 - 0x00007ffac8290000 	C:\WINDOWS\SYSTEM32\ntdll.dll
0x00007ffac7230000 - 0x00007ffac72e2000 	C:\WINDOWS\System32\KERNEL32.DLL
0x00007ffac5b80000 - 0x00007ffac5e25000 	C:\WINDOWS\System32\KERNELBASE.dll
0x00007ffac74f0000 - 0x00007ffac7593000 	C:\WINDOWS\System32\ADVAPI32.dll
0x00007ffac7380000 - 0x00007ffac741e000 	C:\WINDOWS\System32\msvcrt.dll
0x00007ffac7960000 - 0x00007ffac79f7000 	C:\WINDOWS\System32\sechost.dll
0x00007ffac6fb0000 - 0x00007ffac70d0000 	C:\WINDOWS\System32\RPCRT4.dll
0x00007ffac7750000 - 0x00007ffac78e4000 	C:\WINDOWS\System32\USER32.dll
0x00007ffac5e30000 - 0x00007ffac5e51000 	C:\WINDOWS\System32\win32u.dll
0x00007ffac6f80000 - 0x00007ffac6fa6000 	C:\WINDOWS\System32\GDI32.dll
0x00007ffac5890000 - 0x00007ffac5a26000 	C:\WINDOWS\System32\gdi32full.dll
0x00007ffac5ae0000 - 0x00007ffac5b7e000 	C:\WINDOWS\System32\msvcp_win.dll
0x00007ffac60b0000 - 0x00007ffac61aa000 	C:\WINDOWS\System32\ucrtbase.dll
0x00007ffab8340000 - 0x00007ffab85c4000 	C:\WINDOWS\WinSxS\amd64_microsoft.windows.common-controls_6595b64144ccf1df_6.0.18362.1139_none_9e7bf2d3e4605ac6\COMCTL32.dll
0x00007ffac6260000 - 0x00007ffac6595000 	C:\WINDOWS\System32\combase.dll
0x00007ffac5090000 - 0x00007ffac5110000 	C:\WINDOWS\System32\bcryptPrimitives.dll
0x00007ffac6f50000 - 0x00007ffac6f7e000 	C:\WINDOWS\System32\IMM32.DLL
0x00007ffabd580000 - 0x00007ffabd595000 	C:\Program Files\Java\jdk1.8.0_261\jre\bin\vcruntime140.dll
0x00007ffaa1d20000 - 0x00007ffaa1dbb000 	C:\Program Files\Java\jdk1.8.0_261\jre\bin\msvcp140.dll
0x00000000648c0000 - 0x000000006512c000 	C:\Program Files\Java\jdk1.8.0_261\jre\bin\server\jvm.dll
0x00007ffac7420000 - 0x00007ffac7428000 	C:\WINDOWS\System32\PSAPI.DLL
0x00007ffabb1d0000 - 0x00007ffabb1f4000 	C:\WINDOWS\SYSTEM32\WINMM.dll
0x00007ffabc4a0000 - 0x00007ffabc4aa000 	C:\WINDOWS\SYSTEM32\VERSION.dll
0x00007ffabd320000 - 0x00007ffabd329000 	C:\WINDOWS\SYSTEM32\WSOCK32.dll
0x00007ffac78f0000 - 0x00007ffac795f000 	C:\WINDOWS\System32\WS2_32.dll
0x00007ffabb1a0000 - 0x00007ffabb1cd000 	C:\WINDOWS\SYSTEM32\WINMMBASE.dll
0x00007ffac6030000 - 0x00007ffac607a000 	C:\WINDOWS\System32\cfgmgr32.dll
0x00007ffac5020000 - 0x00007ffac5031000 	C:\WINDOWS\System32\kernel.appcore.dll
0x00007ffabede0000 - 0x00007ffabedf0000 	C:\Program Files\Java\jdk1.8.0_261\jre\bin\verify.dll
0x00007ffab5c30000 - 0x00007ffab5c5b000 	C:\Program Files\Java\jdk1.8.0_261\jre\bin\java.dll
0x00007ffab5fb0000 - 0x00007ffab5fe2000 	C:\Program Files\Java\jdk1.8.0_261\jre\bin\instrument.dll
0x00007ffab91e0000 - 0x00007ffab91f8000 	C:\Program Files\Java\jdk1.8.0_261\jre\bin\zip.dll
0x00007ffac6860000 - 0x00007ffac6f47000 	C:\WINDOWS\System32\SHELL32.dll
0x00007ffac61b0000 - 0x00007ffac6259000 	C:\WINDOWS\System32\shcore.dll
0x00007ffac5110000 - 0x00007ffac5890000 	C:\WINDOWS\System32\windows.storage.dll
0x00007ffac5060000 - 0x00007ffac5083000 	C:\WINDOWS\System32\profapi.dll
0x00007ffac4fd0000 - 0x00007ffac501a000 	C:\WINDOWS\System32\powrprof.dll
0x00007ffac4fc0000 - 0x00007ffac4fd0000 	C:\WINDOWS\System32\UMPDC.dll
0x00007ffac7490000 - 0x00007ffac74e2000 	C:\WINDOWS\System32\shlwapi.dll
0x00007ffac5fb0000 - 0x00007ffac5fc7000 	C:\WINDOWS\System32\cryptsp.dll
0x00007ffab5870000 - 0x00007ffab588a000 	C:\Program Files\JetBrains\IntelliJ IDEA Community Edition 2020.2.3\bin\breakgen64.dll
0x00007ffab5c10000 - 0x00007ffab5c2c000 	C:\Program Files\Java\jdk1.8.0_261\jre\bin\net.dll
0x00007ffac47b0000 - 0x00007ffac4817000 	C:\WINDOWS\system32\mswsock.dll

VM Arguments:
jvm_args: -javaagent:C:\Program Files\JetBrains\IntelliJ IDEA Community Edition 2020.2.3\lib\idea_rt.jar=56979:C:\Program Files\JetBrains\IntelliJ IDEA Community Edition 2020.2.3\bin -Dfile.encoding=UTF-8 
java_command: com.ttzh.concertTicket.ConcertTicketApplication
java_class_path (initial): C:\Program Files\Java\jdk1.8.0_261\jre\lib\charsets.jar;C:\Program Files\Java\jdk1.8.0_261\jre\lib\deploy.jar;C:\Program Files\Java\jdk1.8.0_261\jre\lib\ext\access-bridge-64.jar;C:\Program Files\Java\jdk1.8.0_261\jre\lib\ext\cldrdata.jar;C:\Program Files\Java\jdk1.8.0_261\jre\lib\ext\dnsns.jar;C:\Program Files\Java\jdk1.8.0_261\jre\lib\ext\jaccess.jar;C:\Program Files\Java\jdk1.8.0_261\jre\lib\ext\jfxrt.jar;C:\Program Files\Java\jdk1.8.0_261\jre\lib\ext\localedata.jar;C:\Program Files\Java\jdk1.8.0_261\jre\lib\ext\nashorn.jar;C:\Program Files\Java\jdk1.8.0_261\jre\lib\ext\sunec.jar;C:\Program Files\Java\jdk1.8.0_261\jre\lib\ext\sunjce_provider.jar;C:\Program Files\Java\jdk1.8.0_261\jre\lib\ext\sunmscapi.jar;C:\Program Files\Java\jdk1.8.0_261\jre\lib\ext\sunpkcs11.jar;C:\Program Files\Java\jdk1.8.0_261\jre\lib\ext\zipfs.jar;C:\Program Files\Java\jdk1.8.0_261\jre\lib\javaws.jar;C:\Program Files\Java\jdk1.8.0_261\jre\lib\jce.jar;C:\Program Files\Java\jdk1.8.0_261\jre\lib\jfr.jar;C:\Program Files\Java\jdk1.8.0_261\jre\lib\jfxswt.jar;C:\Program Files\Java\jdk1.8.0_261\jre\lib\jsse.jar;C:\Program Files\Java\jdk1.8.0_261\jre\lib\management-agent.jar;C:\Program Files\Java\jdk1.8.0_261\jre\lib\plugin.jar;C:\Program Files\Java\jdk1.8.0_261\jre\lib\resources.jar;C:\Program Files\Java\jdk1.8.0_261\jre\lib\rt.jar;D:\installer\My Projects\concertTicket\target\classes;C:\Users\Lenovo\.m2\repository\org\springframework\boot\spring-boot-starter-data-jpa\2.3.5.RELEASE\spring-boot-starter-data-jpa-2.3.5.RELEASE.jar;C:\Users\Lenovo\.m2\repository\org\springframework\boot\spring-boot-starter-aop\2.3.5.RELEASE\spring-boot-starter-aop-2.3.5.RELEASE.jar;C:\Users\Lenovo\.m2\repository\org\springframework\spring-aop\5.2.10.RELEASE\spring-aop-5.2.10.RELEASE.jar;C:\Users\Lenovo\.m2\repository\org\aspectj\aspectjweaver\1.9.6\aspectjweaver-1.9.6.jar;C:\Users\Lenovo\.m2\repository\org\springframework\boot\spring-boot-starter-jdbc\2.3.5.RELEASE\spring-boot-starter-jdbc
Launcher Type: SUN_STANDARD

Environment Variables:
JAVA_HOME=C:\Program Files\Java\jdk1.8.0_261
PATH=C:\Users\Lenovo\AppData\Local\Programs\Python\Python37;C:\Program Files\Git\cmd;C:\WINDOWS\system32;C:\WINDOWS;C:\WINDOWS\System32\Wbem;C:\WINDOWS\System32\WindowsPowerShell\v1.0\;C:\WINDOWS\System32\OpenSSH\;C:\Program Files\Java\jdk1.8.0_261\bin;C:\Program Files\MySQL\MySQL Server 8.0\bin\;C:\Program Files\MySQL\MySQL Shell 8.0\bin\;C:\Users\Lenovo\AppData\Local\Programs\Python\Python37\Scripts\;C:\Users\Lenovo\AppData\Local\Programs\Python\Python37\;C:\Program Files\Java\jdk1.8.0_181\bin;C:\Users\Lenovo\AppData\Local\Microsoft\WindowsApps;;C:\Program Files\JetBrains\IntelliJ IDEA Community Edition 2020.2.3\bin;
USERNAME=Lenovo
OS=Windows_NT
PROCESSOR_IDENTIFIER=Intel64 Family 6 Model 78 Stepping 3, GenuineIntel



---------------  S Y S T E M  ---------------

OS: Windows 10.0 , 64 bit Build 18362 (10.0.18362.1110)

CPU:total 4 (initial active 4) (2 cores per cpu, 2 threads per core) family 6 model 78 stepping 3, cmov, cx8, fxsr, mmx, sse, sse2, sse3, ssse3, sse4.1, sse4.2, popcnt, avx, avx2, aes, clmul, erms, 3dnowpref, lzcnt, ht, tsc, tscinvbit, bmi1, bmi2, adx

Memory: 4k page, physical 4098048k(429376k free), swap 16680960k(1788k free)

vm_info: Java HotSpot(TM) 64-Bit Server VM (25.261-b12) for windows-amd64 JRE (1.8.0_261-b12), built on Jun 18 2020 06:56:32 by "" with unknown MS VC++:1916

time: Sat Nov  7 12:27:31 2020
timezone: Myanmar Standard Time
elapsed time: 2 seconds (0d 0h 0m 2s)

